<?xml version="1.0" encoding="UTF-8"?>
<!-- Generated by org.testng.reporters.JUnitXMLReporter -->
<testsuite hostname="LAPTOP-BGS5S7GJ" ignored="0" name="127.0.0.1:62001" tests="3" failures="0" timestamp="16 三月 2020 13:40:34 GMT" time="114.32" errors="0">
  <testcase name="test" time="7.312" classname="com.guo.appium.keyworddriver.KeywordsTests"/>
  <testcase name="test" time="13.194" classname="com.guo.appium.keyworddriver.KeywordsTests"/>
  <testcase name="test" time="7.082" classname="com.guo.appium.keyworddriver.KeywordsTests"/>
</testsuite> <!-- 127.0.0.1:62001 -->
