<?xml version="1.0" encoding="UTF-8"?>
<!-- Generated by org.testng.reporters.JUnitXMLReporter -->
<testsuite hostname="LAPTOP-BGS5S7GJ" ignored="0" name="127.0.0.1:62025" tests="5" failures="0" timestamp="16 三月 2020 13:08:43 GMT" time="12.54" errors="0">
  <testcase name="@BeforeClass beforeClass" time="7.215" classname="com.guo.appium.testcases.TestBase">
    <failure type="java.lang.NullPointerException">
        <![CDATA[java.lang.NullPointerException
at com.guo.appium.testcases.TestBase.beforeClass(TestBase.java:75)
at java.util.concurrent.FutureTask.run(FutureTask.java:266)
at java.util.concurrent.ThreadPoolExecutor.runWorker(ThreadPoolExecutor.java:1142)
at java.util.concurrent.ThreadPoolExecutor$Worker.run(ThreadPoolExecutor.java:617)
at java.lang.Thread.run(Thread.java:745)
... Removed 17 stack frames]]>
    </failure>
  </testcase> <!-- @BeforeClass beforeClass -->
  <testcase name="@AfterMethod backHome" time="0.0" classname="com.guo.appium.testcases.TestBase">
    <skipped/>
  </testcase> <!-- @AfterMethod backHome -->
  <testcase name="@AfterMethod backHome" time="0.0" classname="com.guo.appium.testcases.TestBase">
    <skipped/>
  </testcase> <!-- @AfterMethod backHome -->
  <testcase name="@AfterMethod backHome" time="0.0" classname="com.guo.appium.testcases.TestBase">
    <skipped/>
  </testcase> <!-- @AfterMethod backHome -->
  <testcase name="@AfterClass afterClass" time="0.0" classname="com.guo.appium.testcases.TestBase">
    <skipped/>
  </testcase> <!-- @AfterClass afterClass -->
  <testcase name="@AfterTest stopServer" time="0.0" classname="com.guo.appium.testcases.TestBase">
    <skipped/>
  </testcase> <!-- @AfterTest stopServer -->
  <testcase name="test002_loginCorrect" time="0.0" classname="com.testcases.DouBanTests">
    <skipped/>
  </testcase> <!-- test002_loginCorrect -->
  <testcase name="test001_login" time="0.0" classname="com.testcases.DouBanTests">
    <skipped/>
  </testcase> <!-- test001_login -->
  <testcase name="test001_login" time="0.0" classname="com.testcases.DouBanTests">
    <skipped/>
  </testcase> <!-- test001_login -->
  <testcase name="test003_upload" time="0.0" classname="com.testcases.DouBanTests">
    <skipped/>
  </testcase> <!-- test003_upload -->
  <testcase name="test004_modifyIntro" time="0.0" classname="com.testcases.DouBanTests">
    <skipped/>
  </testcase> <!-- test004_modifyIntro -->
</testsuite> <!-- 127.0.0.1:62025 -->
