<?xml version="1.0" encoding="UTF-8"?>
<!-- Generated by org.testng.reporters.JUnitXMLReporter -->
<testsuite hostname="LAPTOP-BGS5S7GJ" ignored="0" name="ios" tests="1" failures="1" timestamp="07 一月 2020 13:48:23 GMT" time="50.017" errors="0">
  <testcase name="test001_login" time="18.828" classname="com.testcases.Tests">
    <failure type="org.openqa.selenium.TimeoutException" message="Expected condition failed: waiting for com.testcases.Tests$1@417e3285 (tried for 10 second(s) with 500 milliseconds interval)
Build info: version: &amp;apos;3.141.59&amp;apos;, revision: &amp;apos;e82be7d358&amp;apos;, time: &amp;apos;2018-11-14T08:17:03&amp;apos;
System info: host: &amp;apos;LAPTOP-BGS5S7GJ&amp;apos;, ip: &amp;apos;192.168.56.1&amp;apos;, os.name: &amp;apos;Windows 10&amp;apos;, os.arch: &amp;apos;amd64&amp;apos;, os.version: &amp;apos;10.0&amp;apos;, java.version: &amp;apos;1.8.0_121&amp;apos;
Driver info: io.appium.java_client.ios.IOSDriver
Capabilities {automationName: XCUITest, browserName: , bundleId: com.douban.frodo, databaseEnabled: false, deviceName: iPhone 6S, javascriptEnabled: true, locationContextEnabled: false, networkConnectionEnabled: false, newCommandTimeout: 600, noReset: true, platform: MAC, platformName: iOS, platformVersion: 12.4.1, takesScreenshot: true, udid: 9bccdcb91f5350f9cf23181b357..., usePrebuiltWDA: true, webStorageEnabled: false}
Session ID: 97a0f991-fb55-4997-bdb6-8af44e3fba3d">
      <![CDATA[org.openqa.selenium.TimeoutException: Expected condition failed: waiting for com.testcases.Tests$1@417e3285 (tried for 10 second(s) with 500 milliseconds interval)
Build info: version: '3.141.59', revision: 'e82be7d358', time: '2018-11-14T08:17:03'
System info: host: 'LAPTOP-BGS5S7GJ', ip: '192.168.56.1', os.name: 'Windows 10', os.arch: 'amd64', os.version: '10.0', java.version: '1.8.0_121'
Driver info: io.appium.java_client.ios.IOSDriver
Capabilities {automationName: XCUITest, browserName: , bundleId: com.douban.frodo, databaseEnabled: false, deviceName: iPhone 6S, javascriptEnabled: true, locationContextEnabled: false, networkConnectionEnabled: false, newCommandTimeout: 600, noReset: true, platform: MAC, platformName: iOS, platformVersion: 12.4.1, takesScreenshot: true, udid: 9bccdcb91f5350f9cf23181b357..., usePrebuiltWDA: true, webStorageEnabled: false}
Session ID: 97a0f991-fb55-4997-bdb6-8af44e3fba3d
at org.openqa.selenium.support.ui.WebDriverWait.timeoutException(WebDriverWait.java:95)
at org.openqa.selenium.support.ui.FluentWait.until(FluentWait.java:272)
at com.testcases.Tests.test001_login(Tests.java:25)
at java.util.concurrent.FutureTask.run(FutureTask.java:266)
at java.util.concurrent.ThreadPoolExecutor.runWorker(ThreadPoolExecutor.java:1142)
at java.util.concurrent.ThreadPoolExecutor$Worker.run(ThreadPoolExecutor.java:617)
at java.lang.Thread.run(Thread.java:745)
... Removed 16 stack frames]]>
    </failure>
  </testcase> <!-- test001_login -->
</testsuite> <!-- ios -->
