<?xml version="1.0" encoding="UTF-8"?>
<!-- Generated by org.testng.reporters.JUnitXMLReporter -->
<testsuite hostname="LXG-PC" ignored="0" name="TUP4C19104003285" tests="5" failures="3" timestamp="01 十二月 2019 09:43:37 GMT" time="102.872" errors="0">
  <testcase name="@BeforeClass beforeClass" time="5.581" classname="com.guo.appium.testcases.TestBase">
    <failure type="java.lang.NullPointerException">
        <![CDATA[java.lang.NullPointerException
at com.guo.appium.testcases.TestBase.beforeClass(TestBase.java:70)
at java.util.concurrent.FutureTask.run(FutureTask.java:266)
at java.util.concurrent.ThreadPoolExecutor.runWorker(ThreadPoolExecutor.java:1149)
at java.util.concurrent.ThreadPoolExecutor$Worker.run(ThreadPoolExecutor.java:624)
at java.lang.Thread.run(Thread.java:748)
... Removed 17 stack frames]]>
    </failure>
  </testcase> <!-- @BeforeClass beforeClass -->
  <testcase name="@BeforeClass before" time="0.0" classname="com.testcases.DoubanTests">
    <skipped/>
  </testcase> <!-- @BeforeClass before -->
  <testcase name="@AfterMethod backHome" time="0.0" classname="com.guo.appium.testcases.TestBase">
    <skipped/>
  </testcase> <!-- @AfterMethod backHome -->
  <testcase name="@AfterMethod backHome" time="0.0" classname="com.guo.appium.testcases.TestBase">
    <skipped/>
  </testcase> <!-- @AfterMethod backHome -->
  <testcase name="@AfterMethod backHome" time="0.0" classname="com.guo.appium.testcases.TestBase">
    <skipped/>
  </testcase> <!-- @AfterMethod backHome -->
  <testcase name="@AfterClass afterClass" time="0.0" classname="com.guo.appium.testcases.TestBase">
    <skipped/>
  </testcase> <!-- @AfterClass afterClass -->
  <testcase name="@AfterTest stopServer" time="0.0" classname="com.guo.appium.testcases.TestBase">
    <skipped/>
  </testcase> <!-- @AfterTest stopServer -->
  <testcase name="test001_login" time="14.322" classname="com.testcases.DoubanTests">
    <failure type="java.lang.AssertionError" message="An element could not be located on the page using the given search parameters.
For documentation on this error, please visit: https://www.seleniumhq.org/exceptions/no_such_element.html
Build info: version: &amp;apos;3.141.59&amp;apos;, revision: &amp;apos;e82be7d358&amp;apos;, time: &amp;apos;2018-11-14T08:17:03&amp;apos;
System info: host: &amp;apos;LXG-PC&amp;apos;, ip: &amp;apos;10.0.0.29&amp;apos;, os.name: &amp;apos;Windows 7&amp;apos;, os.arch: &amp;apos;amd64&amp;apos;, os.version: &amp;apos;6.1&amp;apos;, java.version: &amp;apos;1.8.0_201&amp;apos;
Driver info: io.appium.java_client.android.AndroidDriver
Capabilities {appActivity: com.douban.frodo.activity.S..., appPackage: com.douban.frodo, autoGrantPermissions: true, automationName: uiautomator2, databaseEnabled: false, desired: {appActivity: com.douban.frodo.activity.S..., appPackage: com.douban.frodo, autoGrantPermissions: true, automationName: uiautomator2, deviceName: devicename, deviceReadyTimeout: 30, newCommandTimeout: 600, noReset: true, noSign: true, platformName: android, resetKeyboard: true, systemPort: 6058, udid: TUP4C19104003285, unicodeKeyboard: true}, deviceApiLevel: 28, deviceManufacturer: HUAWEI, deviceModel: INE-AL00, deviceName: TUP4C19104003285, deviceReadyTimeout: 30, deviceScreenDensity: 480, deviceScreenSize: 1080x2340, deviceUDID: TUP4C19104003285, javascriptEnabled: true, locationContextEnabled: false, networkConnectionEnabled: true, newCommandTimeout: 600, noReset: true, noSign: true, pixelRatio: 3, platform: LINUX, platformName: Android, platformVersion: 9, resetKeyboard: true, statBarHeight: 90, systemPort: 6058, takesScreenshot: true, udid: TUP4C19104003285, unicodeKeyboard: true, viewportRect: {height: 2038, left: 0, top: 90, width: 1080}, warnings: {}, webStorageEnabled: false}
Session ID: 6ff2a30c-8e8d-47db-b9bf-c064467d539d
*** Element info: {Using=id, value=com.douban.frodo:id/login_button}">
      <![CDATA[java.lang.AssertionError: An element could not be located on the page using the given search parameters.
For documentation on this error, please visit: https://www.seleniumhq.org/exceptions/no_such_element.html
Build info: version: '3.141.59', revision: 'e82be7d358', time: '2018-11-14T08:17:03'
System info: host: 'LXG-PC', ip: '10.0.0.29', os.name: 'Windows 7', os.arch: 'amd64', os.version: '6.1', java.version: '1.8.0_201'
Driver info: io.appium.java_client.android.AndroidDriver
Capabilities {appActivity: com.douban.frodo.activity.S..., appPackage: com.douban.frodo, autoGrantPermissions: true, automationName: uiautomator2, databaseEnabled: false, desired: {appActivity: com.douban.frodo.activity.S..., appPackage: com.douban.frodo, autoGrantPermissions: true, automationName: uiautomator2, deviceName: devicename, deviceReadyTimeout: 30, newCommandTimeout: 600, noReset: true, noSign: true, platformName: android, resetKeyboard: true, systemPort: 6058, udid: TUP4C19104003285, unicodeKeyboard: true}, deviceApiLevel: 28, deviceManufacturer: HUAWEI, deviceModel: INE-AL00, deviceName: TUP4C19104003285, deviceReadyTimeout: 30, deviceScreenDensity: 480, deviceScreenSize: 1080x2340, deviceUDID: TUP4C19104003285, javascriptEnabled: true, locationContextEnabled: false, networkConnectionEnabled: true, newCommandTimeout: 600, noReset: true, noSign: true, pixelRatio: 3, platform: LINUX, platformName: Android, platformVersion: 9, resetKeyboard: true, statBarHeight: 90, systemPort: 6058, takesScreenshot: true, udid: TUP4C19104003285, unicodeKeyboard: true, viewportRect: {height: 2038, left: 0, top: 90, width: 1080}, warnings: {}, webStorageEnabled: false}
Session ID: 6ff2a30c-8e8d-47db-b9bf-c064467d539d
*** Element info: {Using=id, value=com.douban.frodo:id/login_button}
at com.testcases.DoubanTests.test001_login(DoubanTests.java:52)
at java.util.concurrent.FutureTask.run(FutureTask.java:266)
at java.util.concurrent.ThreadPoolExecutor.runWorker(ThreadPoolExecutor.java:1149)
at java.util.concurrent.ThreadPoolExecutor$Worker.run(ThreadPoolExecutor.java:624)
at java.lang.Thread.run(Thread.java:748)
... Removed 17 stack frames]]>
    </failure>
  </testcase> <!-- test001_login -->
  <testcase name="test001_login" time="14.454" classname="com.testcases.DoubanTests">
    <failure type="java.lang.AssertionError" message="An element could not be located on the page using the given search parameters.
For documentation on this error, please visit: https://www.seleniumhq.org/exceptions/no_such_element.html
Build info: version: &amp;apos;3.141.59&amp;apos;, revision: &amp;apos;e82be7d358&amp;apos;, time: &amp;apos;2018-11-14T08:17:03&amp;apos;
System info: host: &amp;apos;LXG-PC&amp;apos;, ip: &amp;apos;10.0.0.29&amp;apos;, os.name: &amp;apos;Windows 7&amp;apos;, os.arch: &amp;apos;amd64&amp;apos;, os.version: &amp;apos;6.1&amp;apos;, java.version: &amp;apos;1.8.0_201&amp;apos;
Driver info: io.appium.java_client.android.AndroidDriver
Capabilities {appActivity: com.douban.frodo.activity.S..., appPackage: com.douban.frodo, autoGrantPermissions: true, automationName: uiautomator2, databaseEnabled: false, desired: {appActivity: com.douban.frodo.activity.S..., appPackage: com.douban.frodo, autoGrantPermissions: true, automationName: uiautomator2, deviceName: devicename, deviceReadyTimeout: 30, newCommandTimeout: 600, noReset: true, noSign: true, platformName: android, resetKeyboard: true, systemPort: 6058, udid: TUP4C19104003285, unicodeKeyboard: true}, deviceApiLevel: 28, deviceManufacturer: HUAWEI, deviceModel: INE-AL00, deviceName: TUP4C19104003285, deviceReadyTimeout: 30, deviceScreenDensity: 480, deviceScreenSize: 1080x2340, deviceUDID: TUP4C19104003285, javascriptEnabled: true, locationContextEnabled: false, networkConnectionEnabled: true, newCommandTimeout: 600, noReset: true, noSign: true, pixelRatio: 3, platform: LINUX, platformName: Android, platformVersion: 9, resetKeyboard: true, statBarHeight: 90, systemPort: 6058, takesScreenshot: true, udid: TUP4C19104003285, unicodeKeyboard: true, viewportRect: {height: 2038, left: 0, top: 90, width: 1080}, warnings: {}, webStorageEnabled: false}
Session ID: 6ff2a30c-8e8d-47db-b9bf-c064467d539d
*** Element info: {Using=id, value=com.douban.frodo:id/login_button}">
      <![CDATA[java.lang.AssertionError: An element could not be located on the page using the given search parameters.
For documentation on this error, please visit: https://www.seleniumhq.org/exceptions/no_such_element.html
Build info: version: '3.141.59', revision: 'e82be7d358', time: '2018-11-14T08:17:03'
System info: host: 'LXG-PC', ip: '10.0.0.29', os.name: 'Windows 7', os.arch: 'amd64', os.version: '6.1', java.version: '1.8.0_201'
Driver info: io.appium.java_client.android.AndroidDriver
Capabilities {appActivity: com.douban.frodo.activity.S..., appPackage: com.douban.frodo, autoGrantPermissions: true, automationName: uiautomator2, databaseEnabled: false, desired: {appActivity: com.douban.frodo.activity.S..., appPackage: com.douban.frodo, autoGrantPermissions: true, automationName: uiautomator2, deviceName: devicename, deviceReadyTimeout: 30, newCommandTimeout: 600, noReset: true, noSign: true, platformName: android, resetKeyboard: true, systemPort: 6058, udid: TUP4C19104003285, unicodeKeyboard: true}, deviceApiLevel: 28, deviceManufacturer: HUAWEI, deviceModel: INE-AL00, deviceName: TUP4C19104003285, deviceReadyTimeout: 30, deviceScreenDensity: 480, deviceScreenSize: 1080x2340, deviceUDID: TUP4C19104003285, javascriptEnabled: true, locationContextEnabled: false, networkConnectionEnabled: true, newCommandTimeout: 600, noReset: true, noSign: true, pixelRatio: 3, platform: LINUX, platformName: Android, platformVersion: 9, resetKeyboard: true, statBarHeight: 90, systemPort: 6058, takesScreenshot: true, udid: TUP4C19104003285, unicodeKeyboard: true, viewportRect: {height: 2038, left: 0, top: 90, width: 1080}, warnings: {}, webStorageEnabled: false}
Session ID: 6ff2a30c-8e8d-47db-b9bf-c064467d539d
*** Element info: {Using=id, value=com.douban.frodo:id/login_button}
at com.testcases.DoubanTests.test001_login(DoubanTests.java:52)
at java.util.concurrent.FutureTask.run(FutureTask.java:266)
at java.util.concurrent.ThreadPoolExecutor.runWorker(ThreadPoolExecutor.java:1149)
at java.util.concurrent.ThreadPoolExecutor$Worker.run(ThreadPoolExecutor.java:624)
at java.lang.Thread.run(Thread.java:748)
... Removed 17 stack frames]]>
    </failure>
  </testcase> <!-- test001_login -->
  <testcase name="test001_login" time="14.324" classname="com.testcases.DoubanTests">
    <failure type="java.lang.AssertionError" message="An element could not be located on the page using the given search parameters.
For documentation on this error, please visit: https://www.seleniumhq.org/exceptions/no_such_element.html
Build info: version: &amp;apos;3.141.59&amp;apos;, revision: &amp;apos;e82be7d358&amp;apos;, time: &amp;apos;2018-11-14T08:17:03&amp;apos;
System info: host: &amp;apos;LXG-PC&amp;apos;, ip: &amp;apos;10.0.0.29&amp;apos;, os.name: &amp;apos;Windows 7&amp;apos;, os.arch: &amp;apos;amd64&amp;apos;, os.version: &amp;apos;6.1&amp;apos;, java.version: &amp;apos;1.8.0_201&amp;apos;
Driver info: io.appium.java_client.android.AndroidDriver
Capabilities {appActivity: com.douban.frodo.activity.S..., appPackage: com.douban.frodo, autoGrantPermissions: true, automationName: uiautomator2, databaseEnabled: false, desired: {appActivity: com.douban.frodo.activity.S..., appPackage: com.douban.frodo, autoGrantPermissions: true, automationName: uiautomator2, deviceName: devicename, deviceReadyTimeout: 30, newCommandTimeout: 600, noReset: true, noSign: true, platformName: android, resetKeyboard: true, systemPort: 6058, udid: TUP4C19104003285, unicodeKeyboard: true}, deviceApiLevel: 28, deviceManufacturer: HUAWEI, deviceModel: INE-AL00, deviceName: TUP4C19104003285, deviceReadyTimeout: 30, deviceScreenDensity: 480, deviceScreenSize: 1080x2340, deviceUDID: TUP4C19104003285, javascriptEnabled: true, locationContextEnabled: false, networkConnectionEnabled: true, newCommandTimeout: 600, noReset: true, noSign: true, pixelRatio: 3, platform: LINUX, platformName: Android, platformVersion: 9, resetKeyboard: true, statBarHeight: 90, systemPort: 6058, takesScreenshot: true, udid: TUP4C19104003285, unicodeKeyboard: true, viewportRect: {height: 2038, left: 0, top: 90, width: 1080}, warnings: {}, webStorageEnabled: false}
Session ID: 6ff2a30c-8e8d-47db-b9bf-c064467d539d
*** Element info: {Using=id, value=com.douban.frodo:id/login_button}">
      <![CDATA[java.lang.AssertionError: An element could not be located on the page using the given search parameters.
For documentation on this error, please visit: https://www.seleniumhq.org/exceptions/no_such_element.html
Build info: version: '3.141.59', revision: 'e82be7d358', time: '2018-11-14T08:17:03'
System info: host: 'LXG-PC', ip: '10.0.0.29', os.name: 'Windows 7', os.arch: 'amd64', os.version: '6.1', java.version: '1.8.0_201'
Driver info: io.appium.java_client.android.AndroidDriver
Capabilities {appActivity: com.douban.frodo.activity.S..., appPackage: com.douban.frodo, autoGrantPermissions: true, automationName: uiautomator2, databaseEnabled: false, desired: {appActivity: com.douban.frodo.activity.S..., appPackage: com.douban.frodo, autoGrantPermissions: true, automationName: uiautomator2, deviceName: devicename, deviceReadyTimeout: 30, newCommandTimeout: 600, noReset: true, noSign: true, platformName: android, resetKeyboard: true, systemPort: 6058, udid: TUP4C19104003285, unicodeKeyboard: true}, deviceApiLevel: 28, deviceManufacturer: HUAWEI, deviceModel: INE-AL00, deviceName: TUP4C19104003285, deviceReadyTimeout: 30, deviceScreenDensity: 480, deviceScreenSize: 1080x2340, deviceUDID: TUP4C19104003285, javascriptEnabled: true, locationContextEnabled: false, networkConnectionEnabled: true, newCommandTimeout: 600, noReset: true, noSign: true, pixelRatio: 3, platform: LINUX, platformName: Android, platformVersion: 9, resetKeyboard: true, statBarHeight: 90, systemPort: 6058, takesScreenshot: true, udid: TUP4C19104003285, unicodeKeyboard: true, viewportRect: {height: 2038, left: 0, top: 90, width: 1080}, warnings: {}, webStorageEnabled: false}
Session ID: 6ff2a30c-8e8d-47db-b9bf-c064467d539d
*** Element info: {Using=id, value=com.douban.frodo:id/login_button}
at com.testcases.DoubanTests.test001_login(DoubanTests.java:52)
at java.util.concurrent.FutureTask.run(FutureTask.java:266)
at java.util.concurrent.ThreadPoolExecutor.runWorker(ThreadPoolExecutor.java:1149)
at java.util.concurrent.ThreadPoolExecutor$Worker.run(ThreadPoolExecutor.java:624)
at java.lang.Thread.run(Thread.java:748)
... Removed 17 stack frames]]>
    </failure>
  </testcase> <!-- test001_login -->
  <testcase name="test002_uploadHeaderImg" time="0.0" classname="com.testcases.DoubanTests">
    <skipped/>
  </testcase> <!-- test002_uploadHeaderImg -->
  <testcase name="test999_logout" time="0.0" classname="com.testcases.DoubanTests">
    <skipped/>
  </testcase> <!-- test999_logout -->
</testsuite> <!-- TUP4C19104003285 -->
