<?xml version="1.0" encoding="UTF-8"?>
<!-- Generated by org.testng.reporters.JUnitXMLReporter -->
<testsuite hostname="LXG-PC" ignored="0" name="TUP4C19104003281" tests="5" failures="0" timestamp="01 十二月 2019 09:42:09 GMT" time="14.966" errors="0">
  <testcase name="@BeforeClass beforeClass" time="5.581" classname="com.guo.appium.testcases.TestBase">
    <failure type="java.lang.NullPointerException">
        <![CDATA[java.lang.NullPointerException
at com.guo.appium.testcases.TestBase.beforeClass(TestBase.java:70)
at java.util.concurrent.FutureTask.run(FutureTask.java:266)
at java.util.concurrent.ThreadPoolExecutor.runWorker(ThreadPoolExecutor.java:1149)
at java.util.concurrent.ThreadPoolExecutor$Worker.run(ThreadPoolExecutor.java:624)
at java.lang.Thread.run(Thread.java:748)
... Removed 17 stack frames]]>
    </failure>
  </testcase> <!-- @BeforeClass beforeClass -->
  <testcase name="@BeforeClass before" time="0.0" classname="com.testcases.DoubanTests">
    <skipped/>
  </testcase> <!-- @BeforeClass before -->
  <testcase name="@AfterMethod backHome" time="0.0" classname="com.guo.appium.testcases.TestBase">
    <skipped/>
  </testcase> <!-- @AfterMethod backHome -->
  <testcase name="@AfterMethod backHome" time="0.0" classname="com.guo.appium.testcases.TestBase">
    <skipped/>
  </testcase> <!-- @AfterMethod backHome -->
  <testcase name="@AfterMethod backHome" time="0.0" classname="com.guo.appium.testcases.TestBase">
    <skipped/>
  </testcase> <!-- @AfterMethod backHome -->
  <testcase name="@AfterClass afterClass" time="0.0" classname="com.guo.appium.testcases.TestBase">
    <skipped/>
  </testcase> <!-- @AfterClass afterClass -->
  <testcase name="@AfterTest stopServer" time="0.0" classname="com.guo.appium.testcases.TestBase">
    <skipped/>
  </testcase> <!-- @AfterTest stopServer -->
  <testcase name="test001_login" time="0.0" classname="com.testcases.DoubanTests">
    <skipped/>
  </testcase> <!-- test001_login -->
  <testcase name="test001_login" time="0.0" classname="com.testcases.DoubanTests">
    <skipped/>
  </testcase> <!-- test001_login -->
  <testcase name="test001_login" time="0.0" classname="com.testcases.DoubanTests">
    <skipped/>
  </testcase> <!-- test001_login -->
  <testcase name="test002_uploadHeaderImg" time="0.0" classname="com.testcases.DoubanTests">
    <skipped/>
  </testcase> <!-- test002_uploadHeaderImg -->
  <testcase name="test999_logout" time="0.0" classname="com.testcases.DoubanTests">
    <skipped/>
  </testcase> <!-- test999_logout -->
</testsuite> <!-- TUP4C19104003281 -->
