<?xml version="1.0" encoding="UTF-8"?>
<testng-results skipped="0" failed="0" ignored="0" total="3" passed="3">
  <reporter-output>
    <line>
      <![CDATA[test Started]]>
    </line>
    <line>
      <![CDATA[test Success]]>
    </line>
    <line>
      <![CDATA[test Started]]>
    </line>
    <line>
      <![CDATA[test Success]]>
    </line>
    <line>
      <![CDATA[test Started]]>
    </line>
    <line>
      <![CDATA[test Success]]>
    </line>
  </reporter-output>
  <suite name="Suite" duration-ms="114320" started-at="2020-03-16T13:38:40Z" finished-at="2020-03-16T13:40:34Z">
    <groups>
    </groups>
    <test name="127.0.0.1:62001" duration-ms="114320" started-at="2020-03-16T13:38:40Z" finished-at="2020-03-16T13:40:34Z">
      <class name="com.guo.appium.keyworddriver.KeywordsTests">
        <test-method status="PASS" signature="startServer(java.lang.String, java.lang.String)[pri:0, instance:com.crazy.appium.keyworddriver.KeywordsTests@5d5d9e5]" name="startServer" is-config="true" duration-ms="3783" started-at="2020-03-16T13:38:40Z" finished-at="2020-03-16T13:38:44Z">
          <params>
            <param index="0">
              <value>
                <![CDATA[4490]]>
              </value>
            </param>
            <param index="1">
              <value>
                <![CDATA[android]]>
              </value>
            </param>
          </params>
          <reporter-output>
          </reporter-output>
        </test-method> <!-- startServer -->
        <test-method status="PASS" signature="beforeClass(java.lang.String, java.lang.String, java.lang.String)[pri:0, instance:com.crazy.appium.keyworddriver.KeywordsTests@5d5d9e5]" name="beforeClass" is-config="true" duration-ms="47536" started-at="2020-03-16T13:38:44Z" finished-at="2020-03-16T13:39:31Z">
          <params>
            <param index="0">
              <value>
                <![CDATA[127.0.0.1:62001]]>
              </value>
            </param>
            <param index="1">
              <value>
                <![CDATA[4490]]>
              </value>
            </param>
            <param index="2">
              <value>
                <![CDATA[android]]>
              </value>
            </param>
          </params>
          <reporter-output>
          </reporter-output>
        </test-method> <!-- beforeClass -->
        <test-method status="PASS" signature="test(java.lang.String, java.lang.String, java.lang.String)[pri:0, instance:com.crazy.appium.keyworddriver.KeywordsTests@5d5d9e5]" name="test" duration-ms="7312" started-at="2020-03-16T13:39:32Z" data-provider="getKeywordData" finished-at="2020-03-16T13:39:39Z">
          <params>
            <param index="0">
              <value>
                <![CDATA[1]]>
              </value>
            </param>
            <param index="1">
              <value>
                <![CDATA[登录]]>
              </value>
            </param>
            <param index="2">
              <value>
                <![CDATA[y]]>
              </value>
            </param>
          </params>
          <reporter-output>
            <line>
              <![CDATA[test Started]]>
            </line>
            <line>
              <![CDATA[test Success]]>
            </line>
          </reporter-output>
        </test-method> <!-- test -->
        <test-method status="PASS" signature="backHome()[pri:0, instance:com.crazy.appium.keyworddriver.KeywordsTests@5d5d9e5]" name="backHome" is-config="true" duration-ms="9961" started-at="2020-03-16T13:39:39Z" finished-at="2020-03-16T13:39:49Z">
          <reporter-output>
          </reporter-output>
        </test-method> <!-- backHome -->
        <test-method status="PASS" signature="test(java.lang.String, java.lang.String, java.lang.String)[pri:0, instance:com.crazy.appium.keyworddriver.KeywordsTests@5d5d9e5]" name="test" duration-ms="13194" started-at="2020-03-16T13:39:49Z" data-provider="getKeywordData" finished-at="2020-03-16T13:40:02Z">
          <params>
            <param index="0">
              <value>
                <![CDATA[2]]>
              </value>
            </param>
            <param index="1">
              <value>
                <![CDATA[修改资料]]>
              </value>
            </param>
            <param index="2">
              <value>
                <![CDATA[y]]>
              </value>
            </param>
          </params>
          <reporter-output>
            <line>
              <![CDATA[test Started]]>
            </line>
            <line>
              <![CDATA[test Success]]>
            </line>
          </reporter-output>
        </test-method> <!-- test -->
        <test-method status="PASS" signature="backHome()[pri:0, instance:com.crazy.appium.keyworddriver.KeywordsTests@5d5d9e5]" name="backHome" is-config="true" duration-ms="10633" started-at="2020-03-16T13:40:02Z" finished-at="2020-03-16T13:40:13Z">
          <reporter-output>
          </reporter-output>
        </test-method> <!-- backHome -->
        <test-method status="PASS" signature="test(java.lang.String, java.lang.String, java.lang.String)[pri:0, instance:com.crazy.appium.keyworddriver.KeywordsTests@5d5d9e5]" name="test" duration-ms="7082" started-at="2020-03-16T13:40:13Z" data-provider="getKeywordData" finished-at="2020-03-16T13:40:20Z">
          <params>
            <param index="0">
              <value>
                <![CDATA[3]]>
              </value>
            </param>
            <param index="1">
              <value>
                <![CDATA[退出]]>
              </value>
            </param>
            <param index="2">
              <value>
                <![CDATA[y]]>
              </value>
            </param>
          </params>
          <reporter-output>
            <line>
              <![CDATA[test Started]]>
            </line>
            <line>
              <![CDATA[test Success]]>
            </line>
          </reporter-output>
        </test-method> <!-- test -->
        <test-method status="PASS" signature="backHome()[pri:0, instance:com.crazy.appium.keyworddriver.KeywordsTests@5d5d9e5]" name="backHome" is-config="true" duration-ms="10191" started-at="2020-03-16T13:40:20Z" finished-at="2020-03-16T13:40:30Z">
          <reporter-output>
          </reporter-output>
        </test-method> <!-- backHome -->
        <test-method status="PASS" signature="afterClass()[pri:0, instance:com.crazy.appium.keyworddriver.KeywordsTests@5d5d9e5]" name="afterClass" is-config="true" duration-ms="2049" started-at="2020-03-16T13:40:30Z" finished-at="2020-03-16T13:40:32Z">
          <reporter-output>
          </reporter-output>
        </test-method> <!-- afterClass -->
        <test-method status="PASS" signature="stopServer()[pri:0, instance:com.crazy.appium.keyworddriver.KeywordsTests@5d5d9e5]" name="stopServer" is-config="true" duration-ms="1760" started-at="2020-03-16T13:40:32Z" finished-at="2020-03-16T13:40:34Z">
          <reporter-output>
          </reporter-output>
        </test-method> <!-- stopServer -->
      </class> <!-- KeywordsTests -->
    </test> <!-- 127.0.0.1:62001 -->
  </suite> <!-- Suite -->
</testng-results>
